# JRE version: OpenJDK Runtime Environment 18.9 (11.0.13+8) (build 11.0.13+8)
# Java VM: OpenJDK 64-Bit Server VM 18.9 (11.0.13+8, mixed mode, tiered, compressed oops, g1 gc, windows-amd64)
Heap:
 garbage-first heap   total 467968K, used 172351K [0x00000000e0000000, 0x0000000100000000)
  region size 1024K, 37 young (37888K), 4 survivors (4096K)
 Metaspace       used 165092K, capacity 169286K, committed 169632K, reserved 403456K
  class space    used 19751K, capacity 21309K, committed 21400K, reserved 253952K
GC Heap History (20 events):
Event: 18090.881 GC heap before
{Heap before GC invocations=186 (full 0):
 garbage-first heap   total 467968K, used 172778K [0x00000000e0000000, 0x0000000100000000)
  region size 1024K, 57 young (58368K), 5 survivors (5120K)
 Metaspace       used 163478K, capacity 167412K, committed 167584K, reserved 401408K
  class space    used 19591K, capacity 21076K, committed 21144K, reserved 253952K
}
Event: 18090.951 GC heap after
{Heap after GC invocations=187 (full 0):
 garbage-first heap   total 467968K, used 120819K [0x00000000e0000000, 0x0000000100000000)
  region size 1024K, 5 young (5120K), 5 survivors (5120K)
 Metaspace       used 163478K, capacity 167412K, committed 167584K, reserved 401408K
  class space    used 19591K, capacity 21076K, committed 21144K, reserved 253952K
}
Event: 18092.610 GC heap before
{Heap before GC invocations=187 (full 0):
 garbage-first heap   total 467968K, used 137203K [0x00000000e0000000, 0x0000000100000000)
  region size 1024K, 22 young (22528K), 5 survivors (5120K)
 Metaspace       used 163502K, capacity 167436K, committed 167584K, reserved 401408K
  class space    used 19593K, capacity 21080K, committed 21144K, reserved 253952K
}
Event: 18092.656 GC heap after
{Heap after GC invocations=188 (full 0):
 garbage-first heap   total 467968K, used 115330K [0x00000000e0000000, 0x0000000100000000)
  region size 1024K, 1 young (1024K), 1 survivors (1024K)
 Metaspace       used 163502K, capacity 167436K, committed 167584K, reserved 401408K
  class space    used 19593K, capacity 21080K, committed 21144K, reserved 253952K
}
Event: 18099.801 GC heap before
{Heap before GC invocations=188 (full 0):
 garbage-first heap   total 467968K, used 187010K [0x00000000e0000000, 0x0000000100000000)
  region size 1024K, 72 young (73728K), 1 survivors (1024K)
 Metaspace       used 164020K, capacity 168150K, committed 168480K, reserved 401408K
  class space    used 19655K, capacity 21191K, committed 21272K, reserved 253952K
}
Event: 18099.922 GC heap after
{Heap after GC invocations=189 (full 0):
 garbage-first heap   total 467968K, used 118454K [0x00000000e0000000, 0x0000000100000000)
  region size 1024K, 4 young (4096K), 4 survivors (4096K)
 Metaspace       used 164020K, capacity 168150K, committed 168480K, reserved 401408K
  class space    used 19655K, capacity 21191K, committed 21272K, reserved 253952K
}
Event: 18117.853 GC heap before
{Heap before GC invocations=190 (full 0):
 garbage-first heap   total 467968K, used 193206K [0x00000000e0000000, 0x0000000100000000)
  region size 1024K, 76 young (77824K), 4 survivors (4096K)
 Metaspace       used 164345K, capacity 168363K, committed 168480K, reserved 401408K
  class space    used 19669K, capacity 21195K, committed 21272K, reserved 253952K
}
Event: 18118.048 GC heap after
{Heap after GC invocations=191 (full 0):
 garbage-first heap   total 467968K, used 123045K [0x00000000e0000000, 0x0000000100000000)
  region size 1024K, 7 young (7168K), 7 survivors (7168K)
 Metaspace       used 164345K, capacity 168363K, committed 168480K, reserved 401408K
  class space    used 19669K, capacity 21195K, committed 21272K, reserved 253952K
}
Event: 18120.591 GC heap before
{Heap before GC invocations=191 (full 0):
 garbage-first heap   total 467968K, used 138405K [0x00000000e0000000, 0x0000000100000000)
  region size 1024K, 22 young (22528K), 7 survivors (7168K)
 Metaspace       used 164346K, capacity 168363K, committed 168480K, reserved 401408K
  class space    used 19669K, capacity 21195K, committed 21272K, reserved 253952K
}
Event: 18120.853 GC heap after
{Heap after GC invocations=192 (full 0):
 garbage-first heap   total 467968K, used 121571K [0x00000000e0000000, 0x0000000100000000)
  region size 1024K, 3 young (3072K), 3 survivors (3072K)
 Metaspace       used 164346K, capacity 168363K, committed 168480K, reserved 401408K
  class space    used 19669K, capacity 21195K, committed 21272K, reserved 253952K
}
Event: 18125.984 GC heap before
{Heap before GC invocations=192 (full 0):
 garbage-first heap   total 467968K, used 159459K [0x00000000e0000000, 0x0000000100000000)
  region size 1024K, 41 young (41984K), 3 survivors (3072K)
 Metaspace       used 164355K, capacity 168363K, committed 168480K, reserved 401408K
  class space    used 19669K, capacity 21195K, committed 21272K, reserved 253952K
}
Event: 18126.047 GC heap after
{Heap after GC invocations=193 (full 0):
 garbage-first heap   total 467968K, used 123492K [0x00000000e0000000, 0x0000000100000000)
  region size 1024K, 5 young (5120K), 5 survivors (5120K)
 Metaspace       used 164355K, capacity 168363K, committed 168480K, reserved 401408K
  class space    used 19669K, capacity 21195K, committed 21272K, reserved 253952K
}
Event: 18140.571 GC heap before
{Heap before GC invocations=194 (full 0):
 garbage-first heap   total 467968K, used 152164K [0x00000000e0000000, 0x0000000100000000)
  region size 1024K, 34 young (34816K), 5 survivors (5120K)
 Metaspace       used 164559K, capacity 168579K, committed 168736K, reserved 403456K
  class space    used 19694K, capacity 21199K, committed 21272K, reserved 253952K
}
Event: 18140.675 GC heap after
{Heap after GC invocations=195 (full 0):
 garbage-first heap   total 467968K, used 122251K [0x00000000e0000000, 0x0000000100000000)
  region size 1024K, 4 young (4096K), 4 survivors (4096K)
 Metaspace       used 164559K, capacity 168579K, committed 168736K, reserved 403456K
  class space    used 19694K, capacity 21199K, committed 21272K, reserved 253952K
}
Event: 18156.706 GC heap before
{Heap before GC invocations=196 (full 0):
 garbage-first heap   total 467968K, used 189835K [0x00000000e0000000, 0x0000000100000000)
  region size 1024K, 67 young (68608K), 4 survivors (4096K)
 Metaspace       used 164882K, capacity 168996K, committed 169376K, reserved 403456K
  class space    used 19730K, capacity 21272K, committed 21400K, reserved 253952K
}
Event: 18156.962 GC heap after
{Heap after GC invocations=197 (full 0):
 garbage-first heap   total 467968K, used 132514K [0x00000000e0000000, 0x0000000100000000)
  region size 1024K, 9 young (9216K), 9 survivors (9216K)
 Metaspace       used 164882K, capacity 168996K, committed 169376K, reserved 403456K
  class space    used 19730K, capacity 21272K, committed 21400K, reserved 253952K
}
Event: 18158.484 GC heap before
{Heap before GC invocations=197 (full 0):
 garbage-first heap   total 467968K, used 145826K [0x00000000e0000000, 0x0000000100000000)
  region size 1024K, 22 young (22528K), 9 survivors (9216K)
 Metaspace       used 164943K, capacity 169065K, committed 169376K, reserved 403456K
  class space    used 19730K, capacity 21272K, committed 21400K, reserved 253952K
}
Event: 18158.628 GC heap after
{Heap after GC invocations=198 (full 0):
 garbage-first heap   total 467968K, used 135300K [0x00000000e0000000, 0x0000000100000000)
  region size 1024K, 3 young (3072K), 3 survivors (3072K)
 Metaspace       used 164943K, capacity 169065K, committed 169376K, reserved 403456K
  class space    used 19730K, capacity 21272K, committed 21400K, reserved 253952K
}
Event: 18163.380 GC heap before
{Heap before GC invocations=198 (full 0):
 garbage-first heap   total 467968K, used 142468K [0x00000000e0000000, 0x0000000100000000)
  region size 1024K, 12 young (12288K), 3 survivors (3072K)
 Metaspace       used 165034K, capacity 169211K, committed 169376K, reserved 403456K
  class space    used 19744K, capacity 21296K, committed 21400K, reserved 253952K
}
Event: 18163.496 GC heap after
{Heap after GC invocations=199 (full 0):
 garbage-first heap   total 467968K, used 135487K [0x00000000e0000000, 0x0000000100000000)
  region size 1024K, 4 young (4096K), 4 survivors (4096K)
 Metaspace       used 165034K, capacity 169211K, committed 169376K, reserved 403456K
  class space    used 19744K, capacity 21296K, committed 21400K, reserved 253952K
}

